<?xml version="1.0" encoding="UTF-8"?>
<!-- Generated by org.testng.reporters.JUnitReportReporter -->
<testsuite skipped="0" hostname="home" name="com.qa.tests.AllWeatherStrategy_ExploreInvestmentIdeasPageTest" tests="1" failures="0" timestamp="28 Jun 2018 14:12:11 GMT" time="87.058" errors="0">
  <testcase name="clickOnExploreInvestmentIdeas" time="87.058" classname="com.qa.tests.AllWeatherStrategy_ExploreInvestmentIdeasPageTest"/>
</testsuite> <!-- com.qa.tests.AllWeatherStrategy_ExploreInvestmentIdeasPageTest -->
